<?xml version="1.0" encoding="UTF-8"?>
<!-- Generated by org.testng.reporters.JUnitXMLReporter -->
<testsuite hostname="WIN-Q1HIH6APM6I" ignored="0" name="Test" tests="1" failures="0" timestamp="2021-11-20T23:23:00 CST" time="25.264" errors="0">
  <testcase name="requestTrue" time="20.996" classname="cases.Api1_Test">
    <failure type="java.lang.Throwable">
      <![CDATA[java.lang.Throwable
at message : 实际结果:{"status":"1","info":"OK","infocode":"10000","count":"1","route":{"origin":"116.269775,39.842980","destination":"116.397477,39.908692","paths":[{"distance":"19493","duration":"4678","steps":[{"instruction":"向东骑行25米右转","orientation":"东","road_name":"","step_distance":25},{"instruction":"沿建新路向南骑行668米左转","orientation":"南","road_name":"建新路","step_distance":668},{"instruction":"沿看丹路向东骑行129米右转","orientation":"东","road_name":"看丹路","step_distance":129},{"instruction":"沿看杨路向南骑行252米左转","orientation":"南","road_name":"看杨路","step_distance":252},{"instruction":"沿看丹南路辅路向东骑行759米直行","orientation":"东","road_name":"看丹南路辅路","step_distance":759},{"instruction":"沿富丰路向东骑行505米左转","orientation":"东","road_name":"富丰路","step_distance":505},{"instruction":"沿丰台北路辅路向北骑行4018米左转","orientation":"北","road_name":"丰台北路辅路","step_distance":4018},{"instruction":"沿万丰路向北骑行1392米右转","orientation":"北","road_name":"万丰路","step_distance":1392},{"instruction":"沿广安路向东北骑行2968米左转","orientation":"东北","road_name":"广安路","step_distance":2968},{"instruction":"沿马连道北路向北骑行381米右转","orientation":"北","road_name":"马连道北路","step_distance":381},{"instruction":"沿广莲路向东骑行259米向左前方行驶","orientation":"东","road_name":"广莲路","step_distance":259},{"instruction":"沿南蜂窝路向北骑行387米右转","orientation":"北","road_name":"南蜂窝路","step_distance":387},{"instruction":"沿莲花池东路辅路向东骑行1132米左转","orientation":"东","road_name":"莲花池东路辅路","step_distance":1132},{"instruction":"沿白云路向北骑行1087米右转","orientation":"北","road_name":"白云路","step_distance":1087},{"instruction":"沿复兴门外大街向东骑行994米直行","orientation":"东","road_name":"复兴门外大街","step_distance":994},{"instruction":"沿复兴门内大街向东骑行401米","orientation":"东","road_name":"复兴门内大街","step_distance":401},{"instruction":"沿西长安街向东骑行3317米直行","orientation":"东","road_name":"西长安街","step_distance":3317},{"instruction":"沿东长安街向东骑行320米左转","orientation":"东","road_name":"东长安街","step_distance":320},{"instruction":"沿南池子大街向北骑行17米左转","orientation":"北","road_name":"南池子大街","step_distance":17},{"instruction":"沿东长安街向西骑行327米直行","orientation":"西","road_name":"东长安街","step_distance":327},{"instruction":"沿西长安街向西骑行155米到达目的地","orientation":"西","road_name":"西长安街","step_distance":155}]}]}}不包含或等于预期结果:"status":"0","info":"INVALID_USER_KEY","infocode":"10001" expected [true] but found [false] in method : .requestTrue(Api1_Test:60)
at cases.Api1_Test.requestTrue(Api1_Test.java:60)
at message : 实际结果:niba=116.397477,39.908692不包含或等于预期结果:"nilaoye":"adasd" expected [true] but found [false] in method : .requestTrue(Api1_Test:60)
at cases.Api1_Test.requestTrue(Api1_Test.java:60)
at message : 实际结果:{"status":"1","info":"OK","infocode":"10000","count":"1","route":{"origin":"116.269775,39.842980","destination":"116.397477,39.908692","paths":[{"distance":"19493","duration":"4678","steps":[{"instruction":"向东骑行25米右转","orientation":"东","road_name":"","step_distance":25},{"instruction":"沿建新路向南骑行668米左转","orientation":"南","road_name":"建新路","step_distance":668},{"instruction":"沿看丹路向东骑行129米右转","orientation":"东","road_name":"看丹路","step_distance":129},{"instruction":"沿看杨路向南骑行252米左转","orientation":"南","road_name":"看杨路","step_distance":252},{"instruction":"沿看丹南路辅路向东骑行759米直行","orientation":"东","road_name":"看丹南路辅路","step_distance":759},{"instruction":"沿富丰路向东骑行505米左转","orientation":"东","road_name":"富丰路","step_distance":505},{"instruction":"沿丰台北路辅路向北骑行4018米左转","orientation":"北","road_name":"丰台北路辅路","step_distance":4018},{"instruction":"沿万丰路向北骑行1392米右转","orientation":"北","road_name":"万丰路","step_distance":1392},{"instruction":"沿广安路向东北骑行2968米左转","orientation":"东北","road_name":"广安路","step_distance":2968},{"instruction":"沿马连道北路向北骑行381米右转","orientation":"北","road_name":"马连道北路","step_distance":381},{"instruction":"沿广莲路向东骑行259米向左前方行驶","orientation":"东","road_name":"广莲路","step_distance":259},{"instruction":"沿南蜂窝路向北骑行387米右转","orientation":"北","road_name":"南蜂窝路","step_distance":387},{"instruction":"沿莲花池东路辅路向东骑行1132米左转","orientation":"东","road_name":"莲花池东路辅路","step_distance":1132},{"instruction":"沿白云路向北骑行1087米右转","orientation":"北","road_name":"白云路","step_distance":1087},{"instruction":"沿复兴门外大街向东骑行994米直行","orientation":"东","road_name":"复兴门外大街","step_distance":994},{"instruction":"沿复兴门内大街向东骑行401米","orientation":"东","road_name":"复兴门内大街","step_distance":401},{"instruction":"沿西长安街向东骑行3317米直行","orientation":"东","road_name":"西长安街","step_distance":3317},{"instruction":"沿东长安街向东骑行320米左转","orientation":"东","road_name":"东长安街","step_distance":320},{"instruction":"沿南池子大街向北骑行17米左转","orientation":"北","road_name":"南池子大街","step_distance":17},{"instruction":"沿东长安街向西骑行327米直行","orientation":"西","road_name":"东长安街","step_distance":327},{"instruction":"沿西长安街向西骑行155米到达目的地","orientation":"西","road_name":"西长安街","step_distance":155}]}]}}不包含或等于预期结果:"status":"0","info":"INVALID_USER_KEY","infocode":"10001" expected [true] but found [false] in method : .requestTrue(Api1_Test:60)
at cases.Api1_Test.requestTrue(Api1_Test.java:60)
]]>
    </failure>
  </testcase> <!-- requestTrue -->
</testsuite> <!-- Test -->
