<?xml version="1.0" encoding="UTF-8"?>
<testng-results skipped="0" failed="0" ignored="0" total="1" passed="1">
  <reporter-output>
  </reporter-output>
  <suite name="Default suite" duration-ms="1809" started-at="2021-11-13T02:07:10 CST" finished-at="2021-11-13T02:07:12 CST">
    <groups>
      <group name="requestTrue">
        <method signature="bicyclingApiTest.requestTrue()[pri:0, instance:cases.bicyclingApiTest@18d30f7]" name="requestTrue" class="cases.bicyclingApiTest"/>
      </group> <!-- requestTrue -->
    </groups>
    <test name="Default test" duration-ms="1809" started-at="2021-11-13T02:07:10 CST" finished-at="2021-11-13T02:07:12 CST">
      <class name="cases.bicyclingApiTest">
        <test-method status="PASS" signature="beforeTest()[pri:0, instance:cases.bicyclingApiTest@18d30f7]" name="beforeTest" is-config="true" duration-ms="123" started-at="2021-11-13T02:07:10 CST" description="测试准备工作，获取httpClient对象" finished-at="2021-11-13T02:07:10 CST">
          <reporter-output>
          </reporter-output>
        </test-method> <!-- beforeTest -->
        <test-method status="PASS" signature="requestTrue()[pri:0, instance:cases.bicyclingApiTest@18d30f7]" name="requestTrue" duration-ms="1636" started-at="2021-11-13T02:07:10 CST" description="骑行导航API测试" finished-at="2021-11-13T02:07:12 CST">
          <reporter-output>
          </reporter-output>
        </test-method> <!-- requestTrue -->
      </class> <!-- cases.bicyclingApiTest -->
    </test> <!-- Default test -->
  </suite> <!-- Default suite -->
</testng-results>
