<?xml version="1.0" encoding="UTF-8"?>
<!-- Generated by org.testng.reporters.JUnitXMLReporter -->
<testsuite hostname="WIN-Q1HIH6APM6I" ignored="0" name="Default test" tests="3" failures="0" timestamp="2021-11-10T18:50:37 CST" time="0.968" errors="0">
  <testcase name="loginFalse" time="0.689" classname="cases.loginTest"/>
  <testcase name="loginTrue" time="0.028" classname="cases.loginTest"/>
  <testcase name="loginunkonw" time="0.03" classname="cases.loginTest"/>
</testsuite> <!-- Default test -->
