<?xml version="1.0" encoding="UTF-8"?>
<!-- Generated by org.testng.reporters.JUnitXMLReporter -->
<testsuite hostname="WIN-Q1HIH6APM6I" ignored="0" name="Default test" tests="3" failures="0" timestamp="2021-11-11T00:38:40 CST" time="2.267" errors="0">
  <testcase name="loginFalse" time="1.78" classname="cases.loginTest"/>
  <testcase name="loginTrue" time="0.058" classname="cases.loginTest"/>
  <testcase name="loginunkonw" time="0.266" classname="cases.loginTest"/>
</testsuite> <!-- Default test -->
